<?xml version="1.0" encoding="UTF-8"?>
<testsuite xmlns:xsi="http://www.w3.org/2001/XMLSchema-instance" xsi:noNamespaceSchemaLocation="https://maven.apache.org/surefire/maven-surefire-plugin/xsd/surefire-test-report-3.0.xsd" version="3.0" name="com.telecom.aggregator.core.AggregatorAndFileProcessorTest" time="0.121" tests="9" errors="0" skipped="0" failures="0">
  <properties>
[...]
</properties>
  <testcase name="testMalformedFileLines" classname="com.telecom.aggregator.core.AggregatorAndFileProcessorTest" time="0.048">
    <system-out><![CDATA[Processing file: test_files\malformed.txt
Finished malformed.txt: 1 valid, 3 errors
]]></system-out>
    <system-err><![CDATA[Failed to parse numeric values in line: invalid|line|with|missing|fields
Skipping invalid line 2 in malformed.txt
Failed to parse numeric values in line: 9000600601|TowerX|abc|1500|Yes
Skipping invalid line 3 in malformed.txt
Invalid roaming value (must be 'Yes' or 'No'): Maybe
Skipping invalid line 4 in malformed.txt
]]></system-err>
  </testcase>
  <testcase name="testMultipleMobileNumbers" classname="com.telecom.aggregator.core.AggregatorAndFileProcessorTest" time="0.002"/>
  <testcase name="testAggregateSingle5GRoaming" classname="com.telecom.aggregator.core.AggregatorAndFileProcessorTest" time="0.001"/>
  <testcase name="testMultipleRecordsSameNumber" classname="com.telecom.aggregator.core.AggregatorAndFileProcessorTest" time="0.002"/>
  <testcase name="testAggregatorInitialState" classname="com.telecom.aggregator.core.AggregatorAndFileProcessorTest" time="0.002"/>
  <testcase name="testNullUsageRecord" classname="com.telecom.aggregator.core.AggregatorAndFileProcessorTest" time="0.001"/>
  <testcase name="testSingle4GHomeUsage" classname="com.telecom.aggregator.core.AggregatorAndFileProcessorTest" time="0.001"/>
  <testcase name="testNonExistentFile" classname="com.telecom.aggregator.core.AggregatorAndFileProcessorTest" time="0.002">
    <system-out><![CDATA[Processing file: test_files\does_not_exist.txt
]]></system-out>
    <system-err><![CDATA[File not found: test_files\does_not_exist.txt
]]></system-err>
  </testcase>
  <testcase name="testFileProcessingValid" classname="com.telecom.aggregator.core.AggregatorAndFileProcessorTest" time="0.015">
    <system-out><![CDATA[Processing file: test_files\file1.txt
Finished file1.txt: 2 valid, 0 errors
Processing file: test_files\file2.txt
Finished file2.txt: 2 valid, 0 errors
]]></system-out>
  </testcase>
</testsuite>